5825 0.00e+00
13805 3.44e-12
6206 2.24e-12
13806 1.93e-12
6207 3.14e-13
14206 4.59e-13
13806 5.21e-13
6206 8.51e-13
6226 1.69e-11
14205 1.90e-12
6625 1.52e-12
14204 1.67e-12
6224 6.41e-12
13804 5.67e-12
5804 1.25e-12
13404 7.08e-13
13805 1.41e-13
6226 2.22e-12
6206 2.16e-12
6206 4.60e-12
6205 8.18e-12
6205 6.27e-13
14205 1.08e-11
14205 8.65e-13
6226 3.02e-12
6226 1.20e-12
6226 1.01e-11
13425 1.57e-12
5845 1.38e-12
13844 4.22e-12
5865 8.22e-12
13464 3.81e-12
5885 2.74e-12
13484 1.56e-12
5884 4.11e-12
13864 2.41e-13
13484 5.85e-13
5884 9.95e-13
5484 2.48e-11
5484 3.14e-14
13864 1.00e-11
13484 9.36e-14
6265 6.97e-13
14245 5.14e-12
6246 3.32e-13
14226 5.37e-12
6627 1.68e-12
13806 1.83e-11
6227 2.92e-12
6627 6.86e-12
14226 3.68e-12
14226 1.98e-12
6646 7.87e-13
14625 9.68e-14
14625 2.27e-12
6646 2.14e-12
6646 8.19e-13
6646 3.87e-13
6646 1.84e-12
14625 3.65e-12
6645 2.91e-12
14624 9.98e-13
7024 1.54e-11
15003 4.51e-12
7023 7.36e-13
15022 1.49e-13
7443 1.03e-12
15023 1.24e-13
7043 2.74e-12
7443 4.79e-14
7422 1.44e-12
7422 1.16e-12
7442 5.57e-13
15042 1.45e-12
7463 8.26e-12
7463 4.67e-12
7463 1.84e-12
15462 2.03e-12
7882 1.19e-12
15481 2.26e-13
7502 2.00e-12
15082 9.64e-13
7483 5.06e-13
7882 6.52e-12
15481 2.35e-12
15481 1.44e-12
7863 7.42e-12
15843 7.22e-13
7844 2.89e-13
7844 1.10e-11
263 2.76e-12
15862 8.36e-13
15481 6.52e-13
15881 3.18e-12
302 1.49e-12
8282 1.02e-12
682 1.53e-12
8261 8.09e-13
662 2.33e-12
8642 4.11e-12
1043 1.22e-12
